<?xml version="1.0" encoding="UTF-8"?>
<!-- Generated by org.testng.reporters.JUnitReportReporter -->
<testsuite hostname="RAHUL-SAPATE" failures="0" tests="1" name="test.test" time="22.260" errors="0" timestamp="2023-02-26T00:32:08 IST" skipped="0">
  <testcase classname="test.test" name="Searchforproduct" time="22.260"/>
  <system-out/>
</testsuite> <!-- test.test -->
